srun: error: spank: x11.so: Plugin file not found
slurmstepd: error: *** STEP 984622.0 ON f004 CANCELLED AT 2024-11-29T07:14:24 ***
slurmstepd: error: *** JOB 984622 ON f004 CANCELLED AT 2024-11-29T07:14:24 ***
srun: Job step aborted: Waiting up to 32 seconds for job step to finish.
